<?xml version="1.0" encoding="UTF-8"?>
<testsuite name="com.HrimDev.project.springboot.web.HelloControllerTest" tests="2" skipped="0" failures="0" errors="0" timestamp="2021-01-05T10:27:22" hostname="DESKTOP-N831P5O" time="0.328">
  <properties/>
  <testcase name="hello가_리턴" classname="com.HrimDev.project.springboot.web.HelloControllerTest" time="0.174"/>
  <testcase name="helloDto가_리턴" classname="com.HrimDev.project.springboot.web.HelloControllerTest" time="0.153"/>
  <system-out><![CDATA[2021-01-05 19:27:20.384  INFO 34920 --- [    Test worker] .b.t.a.w.s.WebMvcTestContextBootstrapper : Neither @ContextConfiguration nor @ContextHierarchy found for test class [com.HrimDev.project.springboot.web.HelloControllerTest], using SpringBootContextLoader
2021-01-05 19:27:20.387  INFO 34920 --- [    Test worker] o.s.t.c.support.AbstractContextLoader    : Could not detect default resource locations for test class [com.HrimDev.project.springboot.web.HelloControllerTest]: no resource found for suffixes {-context.xml, Context.groovy}.
2021-01-05 19:27:20.387  INFO 34920 --- [    Test worker] t.c.s.AnnotationConfigContextLoaderUtils : Could not detect default configuration classes for test class [com.HrimDev.project.springboot.web.HelloControllerTest]: HelloControllerTest does not declare any static, non-private, non-final, nested classes annotated with @Configuration.
2021-01-05 19:27:20.458  INFO 34920 --- [    Test worker] .b.t.c.SpringBootTestContextBootstrapper : Found @SpringBootConfiguration com.HrimDev.project.springboot.Application for test class com.HrimDev.project.springboot.web.HelloControllerTest
2021-01-05 19:27:20.459  INFO 34920 --- [    Test worker] .b.t.a.w.s.WebMvcTestContextBootstrapper : Loaded default TestExecutionListener class names from location [META-INF/spring.factories]: [org.springframework.security.test.context.support.WithSecurityContextTestExecutionListener, org.springframework.security.test.context.support.ReactorContextTestExecutionListener, org.springframework.boot.test.autoconfigure.restdocs.RestDocsTestExecutionListener, org.springframework.boot.test.autoconfigure.web.client.MockRestServiceServerResetTestExecutionListener, org.springframework.boot.test.autoconfigure.web.servlet.MockMvcPrintOnlyOnFailureTestExecutionListener, org.springframework.boot.test.autoconfigure.web.servlet.WebDriverTestExecutionListener, org.springframework.boot.test.mock.mockito.MockitoTestExecutionListener, org.springframework.boot.test.mock.mockito.ResetMocksTestExecutionListener, org.springframework.test.context.web.ServletTestExecutionListener, org.springframework.test.context.support.DirtiesContextBeforeModesTestExecutionListener, org.springframework.test.context.support.DependencyInjectionTestExecutionListener, org.springframework.test.context.support.DirtiesContextTestExecutionListener, org.springframework.test.context.transaction.TransactionalTestExecutionListener, org.springframework.test.context.jdbc.SqlScriptsTestExecutionListener]
2021-01-05 19:27:20.462  INFO 34920 --- [    Test worker] .b.t.a.w.s.WebMvcTestContextBootstrapper : Using TestExecutionListeners: [org.springframework.test.context.web.ServletTestExecutionListener@4b40f9aa, org.springframework.test.context.support.DirtiesContextBeforeModesTestExecutionListener@149b46c8, org.springframework.boot.test.mock.mockito.MockitoTestExecutionListener@4ef1c62c, org.springframework.boot.test.autoconfigure.SpringBootDependencyInjectionTestExecutionListener@2243248, org.springframework.test.context.support.DirtiesContextTestExecutionListener@4ee5060f, org.springframework.test.context.transaction.TransactionalTestExecutionListener@6b41d, org.springframework.test.context.jdbc.SqlScriptsTestExecutionListener@4086c297, org.springframework.security.test.context.support.WithSecurityContextTestExecutionListener@63931ebd, org.springframework.security.test.context.support.ReactorContextTestExecutionListener@5a0b9be, org.springframework.boot.test.autoconfigure.restdocs.RestDocsTestExecutionListener@30b3534b, org.springframework.boot.test.autoconfigure.web.client.MockRestServiceServerResetTestExecutionListener@46d7bdb0, org.springframework.boot.test.autoconfigure.web.servlet.MockMvcPrintOnlyOnFailureTestExecutionListener@3d4a3521, org.springframework.boot.test.autoconfigure.web.servlet.WebDriverTestExecutionListener@3da7167f, org.springframework.boot.test.mock.mockito.ResetMocksTestExecutionListener@1724238b]

  .   ____          _            __ _ _
 /\\ / ___'_ __ _ _(_)_ __  __ _ \ \ \ \
( ( )\___ | '_ | '_| | '_ \/ _` | \ \ \ \
 \\/  ___)| |_)| | | | | || (_| |  ) ) ) )
  '  |____| .__|_| |_|_| |_\__, | / / / /
 =========|_|==============|___/=/_/_/_/
 :: Spring Boot ::        (v2.1.9.RELEASE)

2021-01-05 19:27:20.564  INFO 34920 --- [    Test worker] c.H.p.s.web.HelloControllerTest          : Starting HelloControllerTest on DESKTOP-N831P5O with PID 34920 (started by gpfla in C:\IntelliJ\springboot-webservice)
2021-01-05 19:27:20.566  INFO 34920 --- [    Test worker] c.H.p.s.web.HelloControllerTest          : No active profile set, falling back to default profiles: default
2021-01-05 19:27:21.696  INFO 34920 --- [    Test worker] o.s.s.concurrent.ThreadPoolTaskExecutor  : Initializing ExecutorService 'applicationTaskExecutor'
2021-01-05 19:27:21.776  INFO 34920 --- [    Test worker] o.s.b.a.w.s.WelcomePageHandlerMapping    : Adding welcome page template: index
2021-01-05 19:27:22.292  INFO 34920 --- [    Test worker] .s.s.UserDetailsServiceAutoConfiguration : 

Using generated security password: cecc0d68-b321-41c6-aba1-1921136a7d99

2021-01-05 19:27:22.657  INFO 34920 --- [    Test worker] o.s.s.web.DefaultSecurityFilterChain     : Creating filter chain: any request, [org.springframework.security.web.context.request.async.WebAsyncManagerIntegrationFilter@1cbea555, org.springframework.security.web.context.SecurityContextPersistenceFilter@218f38b3, org.springframework.security.web.header.HeaderWriterFilter@108ad4d7, org.springframework.security.web.csrf.CsrfFilter@229e3e42, org.springframework.security.web.authentication.logout.LogoutFilter@72f0eda5, org.springframework.security.web.authentication.UsernamePasswordAuthenticationFilter@3895170c, org.springframework.security.web.authentication.ui.DefaultLoginPageGeneratingFilter@1bd7c1c8, org.springframework.security.web.authentication.ui.DefaultLogoutPageGeneratingFilter@60e99e66, org.springframework.security.web.authentication.www.BasicAuthenticationFilter@24d1064a, org.springframework.security.web.savedrequest.RequestCacheAwareFilter@32c25dd0, org.springframework.security.web.servletapi.SecurityContextHolderAwareRequestFilter@74281b33, org.springframework.security.web.authentication.AnonymousAuthenticationFilter@4ca63767, org.springframework.security.web.session.SessionManagementFilter@433584aa, org.springframework.security.web.access.ExceptionTranslationFilter@39e5576d, org.springframework.security.web.access.intercept.FilterSecurityInterceptor@725e8bae]
2021-01-05 19:27:22.821  INFO 34920 --- [    Test worker] o.s.b.t.m.w.SpringBootMockServletContext : Initializing Spring TestDispatcherServlet ''
2021-01-05 19:27:22.822  INFO 34920 --- [    Test worker] o.s.t.web.servlet.TestDispatcherServlet  : Initializing Servlet ''
2021-01-05 19:27:22.870  INFO 34920 --- [    Test worker] o.s.t.web.servlet.TestDispatcherServlet  : Completed initialization in 48 ms
2021-01-05 19:27:22.949  INFO 34920 --- [    Test worker] c.H.p.s.web.HelloControllerTest          : Started HelloControllerTest in 2.481 seconds (JVM running for 22.819)
]]></system-out>
  <system-err><![CDATA[]]></system-err>
</testsuite>
