<?xml version="1.0" encoding="UTF-8"?>
<testsuite name="com.HrimDev.project.springboot.web.PostApiControllerTest" tests="1" skipped="0" failures="0" errors="0" timestamp="2021-01-02T06:06:01" hostname="DESKTOP-N831P5O" time="1.466">
  <properties/>
  <testcase name="Posts_수정된다" classname="com.HrimDev.project.springboot.web.PostApiControllerTest" time="1.466"/>
  <system-out><![CDATA[15:05:49.821 [Test worker] DEBUG org.springframework.test.context.junit4.SpringJUnit4ClassRunner - SpringJUnit4ClassRunner constructor called with [class com.HrimDev.project.springboot.web.PostApiControllerTest]
15:05:49.836 [Test worker] DEBUG org.springframework.test.context.BootstrapUtils - Instantiating CacheAwareContextLoaderDelegate from class [org.springframework.test.context.cache.DefaultCacheAwareContextLoaderDelegate]
15:05:49.857 [Test worker] DEBUG org.springframework.test.context.BootstrapUtils - Instantiating BootstrapContext using constructor [public org.springframework.test.context.support.DefaultBootstrapContext(java.lang.Class,org.springframework.test.context.CacheAwareContextLoaderDelegate)]
15:05:49.899 [Test worker] DEBUG org.springframework.test.context.BootstrapUtils - Instantiating TestContextBootstrapper for test class [com.HrimDev.project.springboot.web.PostApiControllerTest] from class [org.springframework.boot.test.context.SpringBootTestContextBootstrapper]
15:05:49.932 [Test worker] INFO org.springframework.boot.test.context.SpringBootTestContextBootstrapper - Neither @ContextConfiguration nor @ContextHierarchy found for test class [com.HrimDev.project.springboot.web.PostApiControllerTest], using SpringBootContextLoader
15:05:49.942 [Test worker] DEBUG org.springframework.test.context.support.AbstractContextLoader - Did not detect default resource location for test class [com.HrimDev.project.springboot.web.PostApiControllerTest]: class path resource [com/HrimDev/project/springboot/web/PostApiControllerTest-context.xml] does not exist
15:05:49.944 [Test worker] DEBUG org.springframework.test.context.support.AbstractContextLoader - Did not detect default resource location for test class [com.HrimDev.project.springboot.web.PostApiControllerTest]: class path resource [com/HrimDev/project/springboot/web/PostApiControllerTestContext.groovy] does not exist
15:05:49.944 [Test worker] INFO org.springframework.test.context.support.AbstractContextLoader - Could not detect default resource locations for test class [com.HrimDev.project.springboot.web.PostApiControllerTest]: no resource found for suffixes {-context.xml, Context.groovy}.
15:05:49.947 [Test worker] INFO org.springframework.test.context.support.AnnotationConfigContextLoaderUtils - Could not detect default configuration classes for test class [com.HrimDev.project.springboot.web.PostApiControllerTest]: PostApiControllerTest does not declare any static, non-private, non-final, nested classes annotated with @Configuration.
15:05:50.075 [Test worker] DEBUG org.springframework.test.context.support.ActiveProfilesUtils - Could not find an 'annotation declaring class' for annotation type [org.springframework.test.context.ActiveProfiles] and class [com.HrimDev.project.springboot.web.PostApiControllerTest]
15:05:50.320 [Test worker] DEBUG org.springframework.context.annotation.ClassPathScanningCandidateComponentProvider - Identified candidate component class: file [C:\IntelliJ\springboot-webservice\build\classes\java\main\com\HrimDev\project\springboot\Application.class]
15:05:50.325 [Test worker] INFO org.springframework.boot.test.context.SpringBootTestContextBootstrapper - Found @SpringBootConfiguration com.HrimDev.project.springboot.Application for test class com.HrimDev.project.springboot.web.PostApiControllerTest
15:05:50.526 [Test worker] DEBUG org.springframework.boot.test.context.SpringBootTestContextBootstrapper - @TestExecutionListeners is not present for class [com.HrimDev.project.springboot.web.PostApiControllerTest]: using defaults.
15:05:50.527 [Test worker] INFO org.springframework.boot.test.context.SpringBootTestContextBootstrapper - Loaded default TestExecutionListener class names from location [META-INF/spring.factories]: [org.springframework.boot.test.autoconfigure.restdocs.RestDocsTestExecutionListener, org.springframework.boot.test.autoconfigure.web.client.MockRestServiceServerResetTestExecutionListener, org.springframework.boot.test.autoconfigure.web.servlet.MockMvcPrintOnlyOnFailureTestExecutionListener, org.springframework.boot.test.autoconfigure.web.servlet.WebDriverTestExecutionListener, org.springframework.boot.test.mock.mockito.MockitoTestExecutionListener, org.springframework.boot.test.mock.mockito.ResetMocksTestExecutionListener, org.springframework.test.context.web.ServletTestExecutionListener, org.springframework.test.context.support.DirtiesContextBeforeModesTestExecutionListener, org.springframework.test.context.support.DependencyInjectionTestExecutionListener, org.springframework.test.context.support.DirtiesContextTestExecutionListener, org.springframework.test.context.transaction.TransactionalTestExecutionListener, org.springframework.test.context.jdbc.SqlScriptsTestExecutionListener]
15:05:50.561 [Test worker] INFO org.springframework.boot.test.context.SpringBootTestContextBootstrapper - Using TestExecutionListeners: [org.springframework.test.context.web.ServletTestExecutionListener@278f82cc, org.springframework.test.context.support.DirtiesContextBeforeModesTestExecutionListener@5bca768c, org.springframework.boot.test.mock.mockito.MockitoTestExecutionListener@42b490d3, org.springframework.boot.test.autoconfigure.SpringBootDependencyInjectionTestExecutionListener@48b85620, org.springframework.test.context.support.DirtiesContextTestExecutionListener@13fa3419, org.springframework.test.context.transaction.TransactionalTestExecutionListener@1b0c5efc, org.springframework.test.context.jdbc.SqlScriptsTestExecutionListener@7dd87746, org.springframework.boot.test.autoconfigure.restdocs.RestDocsTestExecutionListener@77db278b, org.springframework.boot.test.autoconfigure.web.client.MockRestServiceServerResetTestExecutionListener@35438f95, org.springframework.boot.test.autoconfigure.web.servlet.MockMvcPrintOnlyOnFailureTestExecutionListener@4c41dc7f, org.springframework.boot.test.autoconfigure.web.servlet.WebDriverTestExecutionListener@729df0f6, org.springframework.boot.test.mock.mockito.ResetMocksTestExecutionListener@5cd47651]
15:05:50.568 [Test worker] DEBUG org.springframework.test.annotation.ProfileValueUtils - Retrieved @ProfileValueSourceConfiguration [null] for test class [com.HrimDev.project.springboot.web.PostApiControllerTest]
15:05:50.569 [Test worker] DEBUG org.springframework.test.annotation.ProfileValueUtils - Retrieved ProfileValueSource type [class org.springframework.test.annotation.SystemProfileValueSource] for class [com.HrimDev.project.springboot.web.PostApiControllerTest]
15:05:50.578 [Test worker] DEBUG org.springframework.test.annotation.ProfileValueUtils - Retrieved @ProfileValueSourceConfiguration [null] for test class [com.HrimDev.project.springboot.web.PostApiControllerTest]
15:05:50.578 [Test worker] DEBUG org.springframework.test.annotation.ProfileValueUtils - Retrieved ProfileValueSource type [class org.springframework.test.annotation.SystemProfileValueSource] for class [com.HrimDev.project.springboot.web.PostApiControllerTest]
15:05:50.580 [Test worker] DEBUG org.springframework.test.annotation.ProfileValueUtils - Retrieved @ProfileValueSourceConfiguration [null] for test class [com.HrimDev.project.springboot.web.PostApiControllerTest]
15:05:50.580 [Test worker] DEBUG org.springframework.test.annotation.ProfileValueUtils - Retrieved ProfileValueSource type [class org.springframework.test.annotation.SystemProfileValueSource] for class [com.HrimDev.project.springboot.web.PostApiControllerTest]
15:05:50.588 [Test worker] DEBUG org.springframework.test.context.support.AbstractDirtiesContextTestExecutionListener - Before test class: context [DefaultTestContext@560bbc97 testClass = PostApiControllerTest, testInstance = [null], testMethod = [null], testException = [null], mergedContextConfiguration = [WebMergedContextConfiguration@1c38203f testClass = PostApiControllerTest, locations = '{}', classes = '{class com.HrimDev.project.springboot.Application}', contextInitializerClasses = '[]', activeProfiles = '{}', propertySourceLocations = '{}', propertySourceProperties = '{org.springframework.boot.test.context.SpringBootTestContextBootstrapper=true, server.port=0}', contextCustomizers = set[org.springframework.boot.test.autoconfigure.properties.PropertyMappingContextCustomizer@0, org.springframework.boot.test.autoconfigure.web.servlet.WebDriverContextCustomizerFactory$Customizer@6568991, org.springframework.boot.test.context.filter.ExcludeFilterContextCustomizer@79e02604, org.springframework.boot.test.json.DuplicateJsonObjectContextCustomizerFactory$DuplicateJsonObjectContextCustomizer@272ec61f, org.springframework.boot.test.mock.mockito.MockitoContextCustomizer@0, org.springframework.boot.test.web.client.TestRestTemplateContextCustomizer@14113b9e], resourceBasePath = 'src/main/webapp', contextLoader = 'org.springframework.boot.test.context.SpringBootContextLoader', parent = [null]], attributes = map['org.springframework.test.context.web.ServletTestExecutionListener.activateListener' -> false]], class annotated with @DirtiesContext [false] with mode [null].
15:05:50.590 [Test worker] DEBUG org.springframework.test.annotation.ProfileValueUtils - Retrieved @ProfileValueSourceConfiguration [null] for test class [com.HrimDev.project.springboot.web.PostApiControllerTest]
15:05:50.590 [Test worker] DEBUG org.springframework.test.annotation.ProfileValueUtils - Retrieved ProfileValueSource type [class org.springframework.test.annotation.SystemProfileValueSource] for class [com.HrimDev.project.springboot.web.PostApiControllerTest]
15:05:50.599 [Test worker] DEBUG org.springframework.test.context.support.DependencyInjectionTestExecutionListener - Performing dependency injection for test context [[DefaultTestContext@560bbc97 testClass = PostApiControllerTest, testInstance = com.HrimDev.project.springboot.web.PostApiControllerTest@22b4fd5f, testMethod = [null], testException = [null], mergedContextConfiguration = [WebMergedContextConfiguration@1c38203f testClass = PostApiControllerTest, locations = '{}', classes = '{class com.HrimDev.project.springboot.Application}', contextInitializerClasses = '[]', activeProfiles = '{}', propertySourceLocations = '{}', propertySourceProperties = '{org.springframework.boot.test.context.SpringBootTestContextBootstrapper=true, server.port=0}', contextCustomizers = set[org.springframework.boot.test.autoconfigure.properties.PropertyMappingContextCustomizer@0, org.springframework.boot.test.autoconfigure.web.servlet.WebDriverContextCustomizerFactory$Customizer@6568991, org.springframework.boot.test.context.filter.ExcludeFilterContextCustomizer@79e02604, org.springframework.boot.test.json.DuplicateJsonObjectContextCustomizerFactory$DuplicateJsonObjectContextCustomizer@272ec61f, org.springframework.boot.test.mock.mockito.MockitoContextCustomizer@0, org.springframework.boot.test.web.client.TestRestTemplateContextCustomizer@14113b9e], resourceBasePath = 'src/main/webapp', contextLoader = 'org.springframework.boot.test.context.SpringBootContextLoader', parent = [null]], attributes = map['org.springframework.test.context.web.ServletTestExecutionListener.activateListener' -> false]]].
15:05:50.650 [Test worker] DEBUG org.springframework.test.context.support.TestPropertySourceUtils - Adding inlined properties to environment: {spring.jmx.enabled=false, org.springframework.boot.test.context.SpringBootTestContextBootstrapper=true, server.port=0}

  .   ____          _            __ _ _
 /\\ / ___'_ __ _ _(_)_ __  __ _ \ \ \ \
( ( )\___ | '_ | '_| | '_ \/ _` | \ \ \ \
 \\/  ___)| |_)| | | | | || (_| |  ) ) ) )
  '  |____| .__|_| |_|_| |_\__, | / / / /
 =========|_|==============|___/=/_/_/_/
 :: Spring Boot ::        (v2.1.9.RELEASE)

2021-01-02 15:05:51.387  INFO 55156 --- [    Test worker] c.H.p.s.web.PostApiControllerTest        : Starting PostApiControllerTest on DESKTOP-N831P5O with PID 55156 (started by gpfla in C:\IntelliJ\springboot-webservice)
2021-01-02 15:05:51.389  INFO 55156 --- [    Test worker] c.H.p.s.web.PostApiControllerTest        : No active profile set, falling back to default profiles: default
2021-01-02 15:05:53.035  INFO 55156 --- [    Test worker] .s.d.r.c.RepositoryConfigurationDelegate : Bootstrapping Spring Data repositories in DEFAULT mode.
2021-01-02 15:05:53.344  INFO 55156 --- [    Test worker] .s.d.r.c.RepositoryConfigurationDelegate : Finished Spring Data repository scanning in 263ms. Found 1 repository interfaces.
2021-01-02 15:05:54.158  INFO 55156 --- [    Test worker] trationDelegate$BeanPostProcessorChecker : Bean 'org.springframework.transaction.annotation.ProxyTransactionManagementConfiguration' of type [org.springframework.transaction.annotation.ProxyTransactionManagementConfiguration$$EnhancerBySpringCGLIB$$854497b8] is not eligible for getting processed by all BeanPostProcessors (for example: not eligible for auto-proxying)
2021-01-02 15:05:55.038  INFO 55156 --- [    Test worker] o.s.b.w.embedded.tomcat.TomcatWebServer  : Tomcat initialized with port(s): 0 (http)
2021-01-02 15:05:55.101  INFO 55156 --- [    Test worker] o.apache.catalina.core.StandardService   : Starting service [Tomcat]
2021-01-02 15:05:55.101  INFO 55156 --- [    Test worker] org.apache.catalina.core.StandardEngine  : Starting Servlet engine: [Apache Tomcat/9.0.26]
2021-01-02 15:05:55.590  INFO 55156 --- [    Test worker] o.a.c.c.C.[Tomcat].[localhost].[/]       : Initializing Spring embedded WebApplicationContext
2021-01-02 15:05:55.590  INFO 55156 --- [    Test worker] o.s.web.context.ContextLoader            : Root WebApplicationContext: initialization completed in 4165 ms
2021-01-02 15:05:56.231  INFO 55156 --- [    Test worker] com.zaxxer.hikari.HikariDataSource       : HikariPool-1 - Starting...
2021-01-02 15:05:56.607  INFO 55156 --- [    Test worker] com.zaxxer.hikari.HikariDataSource       : HikariPool-1 - Start completed.
2021-01-02 15:05:56.832  INFO 55156 --- [    Test worker] o.hibernate.jpa.internal.util.LogHelper  : HHH000204: Processing PersistenceUnitInfo [
	name: default
	...]
2021-01-02 15:05:57.039  INFO 55156 --- [    Test worker] org.hibernate.Version                    : HHH000412: Hibernate Core {5.3.12.Final}
2021-01-02 15:05:57.043  INFO 55156 --- [    Test worker] org.hibernate.cfg.Environment            : HHH000206: hibernate.properties not found
2021-01-02 15:05:57.459  INFO 55156 --- [    Test worker] o.hibernate.annotations.common.Version   : HCANN000001: Hibernate Commons Annotations {5.0.4.Final}
2021-01-02 15:05:57.897  INFO 55156 --- [    Test worker] org.hibernate.dialect.Dialect            : HHH000400: Using dialect: org.hibernate.dialect.MySQL5InnoDBDialect
Hibernate: drop table if exists posts
Hibernate: create table posts (id bigint not null auto_increment, author varchar(255), content TEXT not null, title varchar(500) not null, primary key (id)) engine=InnoDB
2021-01-02 15:05:59.299  INFO 55156 --- [    Test worker] o.h.t.schema.internal.SchemaCreatorImpl  : HHH000476: Executing import script 'org.hibernate.tool.schema.internal.exec.ScriptSourceInputNonExistentImpl@ea675e9'
2021-01-02 15:05:59.308  INFO 55156 --- [    Test worker] j.LocalContainerEntityManagerFactoryBean : Initialized JPA EntityManagerFactory for persistence unit 'default'
2021-01-02 15:06:00.910  INFO 55156 --- [    Test worker] o.s.s.concurrent.ThreadPoolTaskExecutor  : Initializing ExecutorService 'applicationTaskExecutor'
2021-01-02 15:06:01.037  WARN 55156 --- [    Test worker] aWebConfiguration$JpaWebMvcConfiguration : spring.jpa.open-in-view is enabled by default. Therefore, database queries may be performed during view rendering. Explicitly configure spring.jpa.open-in-view to disable this warning
2021-01-02 15:06:01.891  INFO 55156 --- [    Test worker] o.s.b.w.embedded.tomcat.TomcatWebServer  : Tomcat started on port(s): 50965 (http) with context path ''
2021-01-02 15:06:01.900  INFO 55156 --- [    Test worker] c.H.p.s.web.PostApiControllerTest        : Started PostApiControllerTest in 11.242 seconds (JVM running for 15.882)
Hibernate: insert into posts (author, content, title) values (?, ?, ?)
2021-01-02 15:06:02.662  INFO 55156 --- [o-auto-1-exec-1] o.a.c.c.C.[Tomcat].[localhost].[/]       : Initializing Spring DispatcherServlet 'dispatcherServlet'
2021-01-02 15:06:02.664  INFO 55156 --- [o-auto-1-exec-1] o.s.web.servlet.DispatcherServlet        : Initializing Servlet 'dispatcherServlet'
2021-01-02 15:06:02.735  INFO 55156 --- [o-auto-1-exec-1] o.s.web.servlet.DispatcherServlet        : Completed initialization in 71 ms
Hibernate: select posts0_.id as id1_0_0_, posts0_.author as author2_0_0_, posts0_.content as content3_0_0_, posts0_.title as title4_0_0_ from posts posts0_ where posts0_.id=?
Hibernate: update posts set author=?, content=?, title=? where id=?
2021-01-02 15:06:03.144  INFO 55156 --- [    Test worker] o.h.h.i.QueryTranslatorFactoryInitiator  : HHH000397: Using ASTQueryTranslatorFactory
Hibernate: select posts0_.id as id1_0_, posts0_.author as author2_0_, posts0_.content as content3_0_, posts0_.title as title4_0_ from posts posts0_
Hibernate: select posts0_.id as id1_0_, posts0_.author as author2_0_, posts0_.content as content3_0_, posts0_.title as title4_0_ from posts posts0_
Hibernate: delete from posts where id=?
]]></system-out>
  <system-err><![CDATA[]]></system-err>
</testsuite>
