<?xml version="1.0" encoding="UTF-8"?>
<testsuite name="com.HrimDev.project.springboot.web.PostApiControllerTest" tests="2" skipped="0" failures="0" errors="0" timestamp="2021-01-05T10:27:29" hostname="DESKTOP-N831P5O" time="0.236">
  <properties/>
  <testcase name="Posts_등록된다" classname="com.HrimDev.project.springboot.web.PostApiControllerTest" time="0.183"/>
  <testcase name="Posts_수정된다" classname="com.HrimDev.project.springboot.web.PostApiControllerTest" time="0.052"/>
  <system-out><![CDATA[2021-01-05 19:27:29.309  INFO 34920 --- [    Test worker] .b.t.c.SpringBootTestContextBootstrapper : Neither @ContextConfiguration nor @ContextHierarchy found for test class [com.HrimDev.project.springboot.web.PostApiControllerTest], using SpringBootContextLoader
2021-01-05 19:27:29.312  INFO 34920 --- [    Test worker] o.s.t.c.support.AbstractContextLoader    : Could not detect default resource locations for test class [com.HrimDev.project.springboot.web.PostApiControllerTest]: no resource found for suffixes {-context.xml, Context.groovy}.
2021-01-05 19:27:29.313  INFO 34920 --- [    Test worker] t.c.s.AnnotationConfigContextLoaderUtils : Could not detect default configuration classes for test class [com.HrimDev.project.springboot.web.PostApiControllerTest]: PostApiControllerTest does not declare any static, non-private, non-final, nested classes annotated with @Configuration.
2021-01-05 19:27:29.318  INFO 34920 --- [    Test worker] .b.t.c.SpringBootTestContextBootstrapper : Found @SpringBootConfiguration com.HrimDev.project.springboot.Application for test class com.HrimDev.project.springboot.web.PostApiControllerTest
2021-01-05 19:27:29.323  INFO 34920 --- [    Test worker] .b.t.c.SpringBootTestContextBootstrapper : Loaded default TestExecutionListener class names from location [META-INF/spring.factories]: [org.springframework.security.test.context.support.WithSecurityContextTestExecutionListener, org.springframework.security.test.context.support.ReactorContextTestExecutionListener, org.springframework.boot.test.autoconfigure.restdocs.RestDocsTestExecutionListener, org.springframework.boot.test.autoconfigure.web.client.MockRestServiceServerResetTestExecutionListener, org.springframework.boot.test.autoconfigure.web.servlet.MockMvcPrintOnlyOnFailureTestExecutionListener, org.springframework.boot.test.autoconfigure.web.servlet.WebDriverTestExecutionListener, org.springframework.boot.test.mock.mockito.MockitoTestExecutionListener, org.springframework.boot.test.mock.mockito.ResetMocksTestExecutionListener, org.springframework.test.context.web.ServletTestExecutionListener, org.springframework.test.context.support.DirtiesContextBeforeModesTestExecutionListener, org.springframework.test.context.support.DependencyInjectionTestExecutionListener, org.springframework.test.context.support.DirtiesContextTestExecutionListener, org.springframework.test.context.transaction.TransactionalTestExecutionListener, org.springframework.test.context.jdbc.SqlScriptsTestExecutionListener]
2021-01-05 19:27:29.327  INFO 34920 --- [    Test worker] .b.t.c.SpringBootTestContextBootstrapper : Using TestExecutionListeners: [org.springframework.test.context.web.ServletTestExecutionListener@d29ccea, org.springframework.test.context.support.DirtiesContextBeforeModesTestExecutionListener@32a34fe0, org.springframework.boot.test.mock.mockito.MockitoTestExecutionListener@27979785, org.springframework.boot.test.autoconfigure.SpringBootDependencyInjectionTestExecutionListener@a978970, org.springframework.test.context.support.DirtiesContextTestExecutionListener@491a5a54, org.springframework.test.context.transaction.TransactionalTestExecutionListener@616ed0d8, org.springframework.test.context.jdbc.SqlScriptsTestExecutionListener@7a5e48cf, org.springframework.security.test.context.support.WithSecurityContextTestExecutionListener@4c3492fd, org.springframework.security.test.context.support.ReactorContextTestExecutionListener@57e7b9d5, org.springframework.boot.test.autoconfigure.restdocs.RestDocsTestExecutionListener@40185be1, org.springframework.boot.test.autoconfigure.web.client.MockRestServiceServerResetTestExecutionListener@48886b1d, org.springframework.boot.test.autoconfigure.web.servlet.MockMvcPrintOnlyOnFailureTestExecutionListener@2043bb8b, org.springframework.boot.test.autoconfigure.web.servlet.WebDriverTestExecutionListener@4a808747, org.springframework.boot.test.mock.mockito.ResetMocksTestExecutionListener@48450aa5]
2021-01-05 19:27:29.355  INFO 34920 --- [    Test worker] o.a.c.c.C.[Tomcat].[localhost].[/]       : Initializing Spring TestDispatcherServlet ''
2021-01-05 19:27:29.355  INFO 34920 --- [    Test worker] o.s.t.web.servlet.TestDispatcherServlet  : Initializing Servlet ''
2021-01-05 19:27:29.362  INFO 34920 --- [    Test worker] o.s.t.web.servlet.TestDispatcherServlet  : Completed initialization in 7 ms
Hibernate: insert into posts (created_date, modified_date, author, content, title) values (?, ?, ?, ?, ?)
Hibernate: select posts0_.id as id1_0_, posts0_.created_date as created_2_0_, posts0_.modified_date as modified3_0_, posts0_.author as author4_0_, posts0_.content as content5_0_, posts0_.title as title6_0_ from posts posts0_
Hibernate: select posts0_.id as id1_0_, posts0_.created_date as created_2_0_, posts0_.modified_date as modified3_0_, posts0_.author as author4_0_, posts0_.content as content5_0_, posts0_.title as title6_0_ from posts posts0_
Hibernate: delete from posts where id=?
2021-01-05 19:27:29.527  INFO 34920 --- [    Test worker] o.a.c.c.C.[Tomcat].[localhost].[/]       : Initializing Spring TestDispatcherServlet ''
2021-01-05 19:27:29.527  INFO 34920 --- [    Test worker] o.s.t.web.servlet.TestDispatcherServlet  : Initializing Servlet ''
2021-01-05 19:27:29.531  INFO 34920 --- [    Test worker] o.s.t.web.servlet.TestDispatcherServlet  : Completed initialization in 4 ms
Hibernate: insert into posts (created_date, modified_date, author, content, title) values (?, ?, ?, ?, ?)
Hibernate: select posts0_.id as id1_0_0_, posts0_.created_date as created_2_0_0_, posts0_.modified_date as modified3_0_0_, posts0_.author as author4_0_0_, posts0_.content as content5_0_0_, posts0_.title as title6_0_0_ from posts posts0_ where posts0_.id=?
Hibernate: update posts set created_date=?, modified_date=?, author=?, content=?, title=? where id=?
Hibernate: select posts0_.id as id1_0_, posts0_.created_date as created_2_0_, posts0_.modified_date as modified3_0_, posts0_.author as author4_0_, posts0_.content as content5_0_, posts0_.title as title6_0_ from posts posts0_
Hibernate: select posts0_.id as id1_0_, posts0_.created_date as created_2_0_, posts0_.modified_date as modified3_0_, posts0_.author as author4_0_, posts0_.content as content5_0_, posts0_.title as title6_0_ from posts posts0_
Hibernate: delete from posts where id=?
]]></system-out>
  <system-err><![CDATA[]]></system-err>
</testsuite>
